<?xml version="1.0" encoding="UTF-8"?>
<!-- Generated by org.testng.reporters.JUnitXMLReporter -->
<testsuite ignored="2" hostname="LAPTOP-EG336HHP" failures="1" tests="2" name="RegressionTestOnChrome" time="11.765" errors="0" timestamp="2025-01-30T12:46:17 IST">
  <testcase classname="script.DemoTest" name="testValidLogIn" time="0.06">
    <failure type="java.lang.AssertionError" message="expected [adcb] but found [abc]">
      <![CDATA[java.lang.AssertionError: expected [adcb] but found [abc]
at script.DemoTest.testValidLogIn(DemoTest.java:18)
at java.base/java.util.ArrayList.forEach(ArrayList.java:1597)
... Removed 31 stack frames]]>
    </failure>
  </testcase> <!-- testValidLogIn -->
  <testcase classname="script.DemoTest2" name="testInvalidLogIn" time="0.037"/>
  <testcase classname="generic.BaseTest" name="@BeforeSuite initReport" time="0.0">
    <ignored/>
  </testcase> <!-- @BeforeSuite initReport -->
  <testcase classname="generic.BaseTest" name="@AfterSuite publishReport" time="0.0">
    <ignored/>
  </testcase> <!-- @AfterSuite publishReport -->
</testsuite> <!-- RegressionTestOnChrome -->
